[ 2016-09-02T09:35:36+08:00 ] 127.0.0.1 /Goods/detail/id/1.html
ERR: 无法加载控制器:Goods

[ 2016-09-02T09:37:04+08:00 ] 127.0.0.1 /Goods/%E6%B6%9B%E5%93%A5/id/1.html
ERR: 非法操作:涛哥

[ 2016-09-02T09:38:30+08:00 ] 127.0.0.1 /Goods/%E6%B6%9B%E5%93%A5/id/1.html
ERR: 非法操作:涛哥

[ 2016-09-02T11:05:00+08:00 ] 127.0.0.1 /Goods/getClicks/goods_id/1.html
INFO: [ app_begin ] --START--
INFO: Run Behavior\ReadHtmlCacheBehavior [ RunTime:0.001000s ]
INFO: [ app_begin ] --END-- [ RunTime:0.004001s ]
ERR: 非法操作:getClicks

[ 2016-09-02T11:05:34+08:00 ] 127.0.0.1 /Goods/getClicks/goods_id/1.html
INFO: [ app_begin ] --START--
INFO: Run Behavior\ReadHtmlCacheBehavior [ RunTime:0.001000s ]
INFO: [ app_begin ] --END-- [ RunTime:0.001000s ]
INFO: [ app_end ] --START--
INFO: Run Behavior\ShowPageTraceBehavior [ RunTime:0.002000s ]
INFO: [ app_end ] --END-- [ RunTime:0.002000s ]

[ 2016-09-02T11:09:32+08:00 ] 127.0.0.1 /Goods/getClicks/goods_id/1.html
INFO: [ app_begin ] --START--
INFO: Run Behavior\ReadHtmlCacheBehavior [ RunTime:0.001000s ]
INFO: [ app_begin ] --END-- [ RunTime:0.002000s ]
SQL: SHOW COLUMNS FROM `shop_goods_click` [ RunTime:0.0070s ]
SQL: SELECT * FROM `shop_goods_click` WHERE `goods_id` = 1 LIMIT 1   [ RunTime:0.0010s ]
SQL: INSERT INTO `shop_goods_click` (`goods_id`) VALUES ('1') [ RunTime:0.0000s ]

[ 2016-09-02T11:09:41+08:00 ] 127.0.0.1 /Goods/getClicks/goods_id/1.html
INFO: [ app_begin ] --START--
INFO: Run Behavior\ReadHtmlCacheBehavior [ RunTime:0.001000s ]
INFO: [ app_begin ] --END-- [ RunTime:0.002000s ]
SQL: SHOW COLUMNS FROM `shop_goods_click` [ RunTime:0.0060s ]
SQL: SELECT * FROM `shop_goods_click` WHERE `goods_id` = 1 LIMIT 1   [ RunTime:0.0000s ]
NOTIC: [8] Undefined index: click F:\phpStudy\WWW\shop\Application\Home\Controller\GoodsController.class.php 第 43 行.
SQL: UPDATE `shop_goods_click` SET `goods_id`='1',`clicks`=NULL WHERE `goods_id` = 1 [ RunTime:0.0010s ]

[ 2016-09-02T11:09:58+08:00 ] 127.0.0.1 /Goods/getClicks/goods_id/1.html
INFO: [ app_begin ] --START--
INFO: Run Behavior\ReadHtmlCacheBehavior [ RunTime:0.001000s ]
INFO: [ app_begin ] --END-- [ RunTime:0.002000s ]
SQL: SHOW COLUMNS FROM `shop_goods_click` [ RunTime:0.0060s ]
SQL: SELECT * FROM `shop_goods_click` WHERE `goods_id` = 1 LIMIT 1   [ RunTime:0.0000s ]
SQL: UPDATE `shop_goods_click` SET `goods_id`='1',`clicks`='1' WHERE `goods_id` = 1 [ RunTime:0.0000s ]

[ 2016-09-02T11:10:04+08:00 ] 127.0.0.1 /Goods/getClicks/goods_id/1.html
INFO: [ app_begin ] --START--
INFO: Run Behavior\ReadHtmlCacheBehavior [ RunTime:0.001000s ]
INFO: [ app_begin ] --END-- [ RunTime:0.001000s ]
SQL: SHOW COLUMNS FROM `shop_goods_click` [ RunTime:0.0130s ]
SQL: SELECT * FROM `shop_goods_click` WHERE `goods_id` = 1 LIMIT 1   [ RunTime:0.0000s ]
SQL: UPDATE `shop_goods_click` SET `goods_id`='1',`clicks`='2' WHERE `goods_id` = 1 [ RunTime:0.0000s ]

[ 2016-09-02T11:10:51+08:00 ] 127.0.0.1 /Goods/getClicks/goods_id/1.html
INFO: [ app_begin ] --START--
INFO: Run Behavior\ReadHtmlCacheBehavior [ RunTime:0.001000s ]
INFO: [ app_begin ] --END-- [ RunTime:0.002000s ]
SQL: SHOW COLUMNS FROM `shop_goods_click` [ RunTime:0.0170s ]
SQL: SELECT * FROM `shop_goods_click` WHERE `goods_id` = 1 LIMIT 1   [ RunTime:0.0010s ]
SQL: UPDATE `shop_goods_click` SET `goods_id`='1',`clicks`='3' WHERE `goods_id` = 1 [ RunTime:0.0010s ]

[ 2016-09-02T11:11:13+08:00 ] 127.0.0.1 /Goods/getClicks/goods_id/1.html
INFO: [ app_begin ] --START--
INFO: Run Behavior\ReadHtmlCacheBehavior [ RunTime:0.002001s ]
INFO: [ app_begin ] --END-- [ RunTime:0.003001s ]
SQL: SHOW COLUMNS FROM `shop_goods_click` [ RunTime:0.0060s ]
SQL: SELECT * FROM `shop_goods_click` WHERE `goods_id` = 1 LIMIT 1   [ RunTime:0.0000s ]
SQL: UPDATE `shop_goods_click` SET `goods_id`='1',`clicks`='4' WHERE `goods_id` = 1 [ RunTime:0.0000s ]

[ 2016-09-02T11:11:18+08:00 ] 127.0.0.1 /Goods/getClicks/goods_id/1.html
INFO: [ app_begin ] --START--
INFO: Run Behavior\ReadHtmlCacheBehavior [ RunTime:0.001000s ]
INFO: [ app_begin ] --END-- [ RunTime:0.002000s ]
SQL: SHOW COLUMNS FROM `shop_goods_click` [ RunTime:0.0060s ]
SQL: SELECT * FROM `shop_goods_click` WHERE `goods_id` = 1 LIMIT 1   [ RunTime:0.0010s ]
SQL: UPDATE `shop_goods_click` SET `goods_id`='1',`clicks`='5' WHERE `goods_id` = 1 [ RunTime:0.0010s ]

[ 2016-09-02T11:11:21+08:00 ] 127.0.0.1 /Goods/getClicks/goods_id/1.html
INFO: [ app_begin ] --START--
INFO: Run Behavior\ReadHtmlCacheBehavior [ RunTime:0.000000s ]
INFO: [ app_begin ] --END-- [ RunTime:0.001000s ]
SQL: SHOW COLUMNS FROM `shop_goods_click` [ RunTime:0.0070s ]
SQL: SELECT * FROM `shop_goods_click` WHERE `goods_id` = 1 LIMIT 1   [ RunTime:0.0010s ]
SQL: UPDATE `shop_goods_click` SET `goods_id`='1',`clicks`='6' WHERE `goods_id` = 1 [ RunTime:0.0000s ]

[ 2016-09-02T11:11:25+08:00 ] 127.0.0.1 /Goods/getClicks/goods_id/1.html
INFO: [ app_begin ] --START--
INFO: Run Behavior\ReadHtmlCacheBehavior [ RunTime:0.001000s ]
INFO: [ app_begin ] --END-- [ RunTime:0.001000s ]
SQL: SHOW COLUMNS FROM `shop_goods_click` [ RunTime:0.0060s ]
SQL: SELECT * FROM `shop_goods_click` WHERE `goods_id` = 1 LIMIT 1   [ RunTime:0.0000s ]
SQL: UPDATE `shop_goods_click` SET `goods_id`='1',`clicks`='7' WHERE `goods_id` = 1 [ RunTime:0.0010s ]

[ 2016-09-02T11:12:08+08:00 ] 127.0.0.1 /Goods/getClicks/goods_id/1.html
INFO: [ app_begin ] --START--
INFO: Run Behavior\ReadHtmlCacheBehavior [ RunTime:0.002000s ]
INFO: [ app_begin ] --END-- [ RunTime:0.002000s ]
SQL: SHOW COLUMNS FROM `shop_goods_click` [ RunTime:0.0060s ]
SQL: SELECT * FROM `shop_goods_click` WHERE `goods_id` = 1 LIMIT 1   [ RunTime:0.0000s ]
SQL: UPDATE `shop_goods_click` SET `goods_id`='1',`clicks`='8' WHERE `goods_id` = 1 [ RunTime:0.0010s ]

[ 2016-09-02T11:33:33+08:00 ] 127.0.0.1 /Goods/getClicks/goods_id/1.html
INFO: [ app_begin ] --START--
INFO: Run Behavior\ReadHtmlCacheBehavior [ RunTime:0.000000s ]
INFO: [ app_begin ] --END-- [ RunTime:0.001000s ]

[ 2016-09-02T11:33:36+08:00 ] 127.0.0.1 /Goods/getClicks/goods_id/1.html
INFO: [ app_begin ] --START--
INFO: Run Behavior\ReadHtmlCacheBehavior [ RunTime:0.002000s ]
INFO: [ app_begin ] --END-- [ RunTime:0.003000s ]

[ 2016-09-02T11:33:38+08:00 ] 127.0.0.1 /Goods/getClicks/goods_id/1.html
INFO: [ app_begin ] --START--
INFO: Run Behavior\ReadHtmlCacheBehavior [ RunTime:0.002000s ]
INFO: [ app_begin ] --END-- [ RunTime:0.003000s ]

[ 2016-09-02T11:33:44+08:00 ] 127.0.0.1 /Goods/getClicks/goods_id/1.html
INFO: [ app_begin ] --START--
INFO: Run Behavior\ReadHtmlCacheBehavior [ RunTime:0.000000s ]
INFO: [ app_begin ] --END-- [ RunTime:0.001000s ]

[ 2016-09-02T11:33:47+08:00 ] 127.0.0.1 /Goods/getClicks/goods_id/1.html
INFO: [ app_begin ] --START--
INFO: Run Behavior\ReadHtmlCacheBehavior [ RunTime:0.000000s ]
INFO: [ app_begin ] --END-- [ RunTime:0.001000s ]

[ 2016-09-02T11:33:59+08:00 ] 127.0.0.1 /Goods/getClicks/goods_id/1.html
INFO: [ app_begin ] --START--
INFO: Run Behavior\ReadHtmlCacheBehavior [ RunTime:0.001000s ]
INFO: [ app_begin ] --END-- [ RunTime:0.002000s ]

[ 2016-09-02T11:36:36+08:00 ] 127.0.0.1 /Goods/getClicks/goods_id/2.html
INFO: [ app_begin ] --START--
INFO: Run Behavior\ReadHtmlCacheBehavior [ RunTime:0.000000s ]
INFO: [ app_begin ] --END-- [ RunTime:0.001000s ]

[ 2016-09-02T11:36:47+08:00 ] 127.0.0.1 /Goods/getClicks/goods_id/3.html
INFO: [ app_begin ] --START--
INFO: Run Behavior\ReadHtmlCacheBehavior [ RunTime:0.001000s ]
INFO: [ app_begin ] --END-- [ RunTime:0.001000s ]

[ 2016-09-02T11:36:49+08:00 ] 127.0.0.1 /Goods/getClicks/goods_id/3.html
INFO: [ app_begin ] --START--
INFO: Run Behavior\ReadHtmlCacheBehavior [ RunTime:0.001000s ]
INFO: [ app_begin ] --END-- [ RunTime:0.001000s ]

[ 2016-09-02T11:36:50+08:00 ] 127.0.0.1 /Goods/getClicks/goods_id/3.html
INFO: [ app_begin ] --START--
INFO: Run Behavior\ReadHtmlCacheBehavior [ RunTime:0.000000s ]
INFO: [ app_begin ] --END-- [ RunTime:0.000000s ]

[ 2016-09-02T11:36:52+08:00 ] 127.0.0.1 /Goods/getClicks/goods_id/3.html
INFO: [ app_begin ] --START--
INFO: Run Behavior\ReadHtmlCacheBehavior [ RunTime:0.001000s ]
INFO: [ app_begin ] --END-- [ RunTime:0.001000s ]

[ 2016-09-02T11:43:25+08:00 ] 127.0.0.1 /Goods/getClicks/goods_id/3.html
INFO: [ app_begin ] --START--
INFO: Run Behavior\ReadHtmlCacheBehavior [ RunTime:0.000000s ]
INFO: [ app_begin ] --END-- [ RunTime:0.001000s ]

[ 2016-09-02T11:44:00+08:00 ] 127.0.0.1 /Goods/getClicks/goods_id/3.html
INFO: [ app_begin ] --START--
INFO: Run Behavior\ReadHtmlCacheBehavior [ RunTime:0.002000s ]
INFO: [ app_begin ] --END-- [ RunTime:0.003000s ]

[ 2016-09-02T11:44:04+08:00 ] 127.0.0.1 /Goods/getClicks/goods_id/3.html
INFO: [ app_begin ] --START--
INFO: Run Behavior\ReadHtmlCacheBehavior [ RunTime:0.001000s ]
INFO: [ app_begin ] --END-- [ RunTime:0.001000s ]

[ 2016-09-02T11:44:06+08:00 ] 127.0.0.1 /Goods/getClicks/goods_id/3.html
INFO: [ app_begin ] --START--
INFO: Run Behavior\ReadHtmlCacheBehavior [ RunTime:0.001000s ]
INFO: [ app_begin ] --END-- [ RunTime:0.002000s ]

[ 2016-09-02T11:44:08+08:00 ] 127.0.0.1 /Goods/getClicks/goods_id/3.html
INFO: [ app_begin ] --START--
INFO: Run Behavior\ReadHtmlCacheBehavior [ RunTime:0.000000s ]
INFO: [ app_begin ] --END-- [ RunTime:0.000000s ]

[ 2016-09-02T14:33:54+08:00 ] 127.0.0.1 /Goods/getClicks/goods_id/3.html
INFO: [ app_begin ] --START--
INFO: Run Behavior\ReadHtmlCacheBehavior [ RunTime:0.002000s ]
INFO: [ app_begin ] --END-- [ RunTime:0.002500s ]

[ 2016-09-02T14:33:55+08:00 ] 127.0.0.1 /Goods/getContent/goods_id/3.html
INFO: [ app_begin ] --START--
INFO: Run Behavior\ReadHtmlCacheBehavior [ RunTime:0.001000s ]
INFO: [ app_begin ] --END-- [ RunTime:0.001500s ]
SQL: SHOW COLUMNS FROM `shop_goods_content` [ RunTime:0.0165s ]
SQL: SELECT * FROM `shop_goods_content` WHERE `goods_id` = 3 LIMIT 1   [ RunTime:0.0005s ]

[ 2016-09-02T14:34:02+08:00 ] 127.0.0.1 /Goods/getClicks/goods_id/3.html
INFO: [ app_begin ] --START--
INFO: Run Behavior\ReadHtmlCacheBehavior [ RunTime:0.004001s ]
INFO: [ app_begin ] --END-- [ RunTime:0.005001s ]

[ 2016-09-02T14:34:03+08:00 ] 127.0.0.1 /Goods/getContent/goods_id/3.html
INFO: [ app_begin ] --START--
INFO: Run Behavior\ReadHtmlCacheBehavior [ RunTime:0.001000s ]
INFO: [ app_begin ] --END-- [ RunTime:0.001500s ]
SQL: SHOW COLUMNS FROM `shop_goods_content` [ RunTime:0.0150s ]
SQL: SELECT * FROM `shop_goods_content` WHERE `goods_id` = 3 LIMIT 1   [ RunTime:0.0010s ]

[ 2016-09-02T14:34:20+08:00 ] 127.0.0.1 /Goods/getClicks/goods_id/1.html
INFO: [ app_begin ] --START--
INFO: Run Behavior\ReadHtmlCacheBehavior [ RunTime:0.001000s ]
INFO: [ app_begin ] --END-- [ RunTime:0.002500s ]

[ 2016-09-02T14:34:21+08:00 ] 127.0.0.1 /Goods/getContent/goods_id/1.html
INFO: [ app_begin ] --START--
INFO: Run Behavior\ReadHtmlCacheBehavior [ RunTime:0.002001s ]
INFO: [ app_begin ] --END-- [ RunTime:0.003501s ]
SQL: SHOW COLUMNS FROM `shop_goods_content` [ RunTime:0.0130s ]
SQL: SELECT * FROM `shop_goods_content` WHERE `goods_id` = 1 LIMIT 1   [ RunTime:0.0010s ]

[ 2016-09-02T14:35:00+08:00 ] 127.0.0.1 /Goods/getClicks/goods_id/1.html
INFO: [ app_begin ] --START--
INFO: Run Behavior\ReadHtmlCacheBehavior [ RunTime:0.000500s ]
INFO: [ app_begin ] --END-- [ RunTime:0.001501s ]

[ 2016-09-02T14:35:01+08:00 ] 127.0.0.1 /Goods/getContent/goods_id/1.html
INFO: [ app_begin ] --START--
INFO: Run Behavior\ReadHtmlCacheBehavior [ RunTime:0.001500s ]
INFO: [ app_begin ] --END-- [ RunTime:0.002500s ]
SQL: SHOW COLUMNS FROM `shop_goods_content` [ RunTime:0.0090s ]
SQL: SELECT * FROM `shop_goods_content` WHERE `goods_id` = 1 LIMIT 1   [ RunTime:0.0015s ]

[ 2016-09-02T14:35:08+08:00 ] 127.0.0.1 /Goods/getClicks/goods_id/1.html
INFO: [ app_begin ] --START--
INFO: Run Behavior\ReadHtmlCacheBehavior [ RunTime:0.001000s ]
INFO: [ app_begin ] --END-- [ RunTime:0.002000s ]

[ 2016-09-02T14:35:09+08:00 ] 127.0.0.1 /Goods/getContent/goods_id/1.html
INFO: [ app_begin ] --START--
INFO: Run Behavior\ReadHtmlCacheBehavior [ RunTime:0.001500s ]
INFO: [ app_begin ] --END-- [ RunTime:0.003001s ]
SQL: SHOW COLUMNS FROM `shop_goods_content` [ RunTime:0.0115s ]
SQL: SELECT * FROM `shop_goods_content` WHERE `goods_id` = 1 LIMIT 1   [ RunTime:0.0005s ]

[ 2016-09-02T14:35:43+08:00 ] 127.0.0.1 /Goods/getClicks/goods_id/1.html
INFO: [ app_begin ] --START--
INFO: Run Behavior\ReadHtmlCacheBehavior [ RunTime:0.001500s ]
INFO: [ app_begin ] --END-- [ RunTime:0.002000s ]

[ 2016-09-02T14:35:44+08:00 ] 127.0.0.1 /Goods/getContent/goods_id/1.html
INFO: [ app_begin ] --START--
INFO: Run Behavior\ReadHtmlCacheBehavior [ RunTime:0.001000s ]
INFO: [ app_begin ] --END-- [ RunTime:0.002501s ]
SQL: SHOW COLUMNS FROM `shop_goods_content` [ RunTime:0.0115s ]
SQL: SELECT * FROM `shop_goods_content` WHERE `goods_id` = 1 LIMIT 1   [ RunTime:0.0020s ]

[ 2016-09-02T14:36:10+08:00 ] 127.0.0.1 /Goods/getClicks/goods_id/1.html
INFO: [ app_begin ] --START--
INFO: Run Behavior\ReadHtmlCacheBehavior [ RunTime:0.001000s ]
INFO: [ app_begin ] --END-- [ RunTime:0.002000s ]

[ 2016-09-02T14:36:11+08:00 ] 127.0.0.1 /Goods/getContent/goods_id/1.html
INFO: [ app_begin ] --START--
INFO: Run Behavior\ReadHtmlCacheBehavior [ RunTime:0.001501s ]
INFO: [ app_begin ] --END-- [ RunTime:0.003001s ]
SQL: SHOW COLUMNS FROM `shop_goods_content` [ RunTime:0.0140s ]
SQL: SELECT * FROM `shop_goods_content` WHERE `goods_id` = 1 LIMIT 1   [ RunTime:0.0015s ]

[ 2016-09-02T14:37:05+08:00 ] 127.0.0.1 /Goods/getClicks/goods_id/1.html
INFO: [ app_begin ] --START--
INFO: Run Behavior\ReadHtmlCacheBehavior [ RunTime:0.001500s ]
INFO: [ app_begin ] --END-- [ RunTime:0.002000s ]

[ 2016-09-02T14:37:06+08:00 ] 127.0.0.1 /Goods/getContent/goods_id/1.html
INFO: [ app_begin ] --START--
INFO: Run Behavior\ReadHtmlCacheBehavior [ RunTime:0.001000s ]
INFO: [ app_begin ] --END-- [ RunTime:0.002501s ]
SQL: SHOW COLUMNS FROM `shop_goods_content` [ RunTime:0.0175s ]
SQL: SELECT * FROM `shop_goods_content` WHERE `goods_id` = 1 LIMIT 1   [ RunTime:0.0005s ]

[ 2016-09-02T14:38:04+08:00 ] 127.0.0.1 /Goods/getClicks/goods_id/1.html
INFO: [ app_begin ] --START--
INFO: Run Behavior\ReadHtmlCacheBehavior [ RunTime:0.001500s ]
INFO: [ app_begin ] --END-- [ RunTime:0.002000s ]

[ 2016-09-02T14:38:05+08:00 ] 127.0.0.1 /Goods/getContent/goods_id/1.html
INFO: [ app_begin ] --START--
INFO: Run Behavior\ReadHtmlCacheBehavior [ RunTime:0.001000s ]
INFO: [ app_begin ] --END-- [ RunTime:0.001500s ]
SQL: SHOW COLUMNS FROM `shop_goods_content` [ RunTime:0.0140s ]
SQL: SELECT * FROM `shop_goods_content` WHERE `goods_id` = 1 LIMIT 1   [ RunTime:0.0015s ]

[ 2016-09-02T14:38:38+08:00 ] 127.0.0.1 /Goods/getClicks/goods_id/1.html
INFO: [ app_begin ] --START--
INFO: Run Behavior\ReadHtmlCacheBehavior [ RunTime:0.001000s ]
INFO: [ app_begin ] --END-- [ RunTime:0.001500s ]

[ 2016-09-02T14:38:39+08:00 ] 127.0.0.1 /Goods/getContent/goods_id/1.html
INFO: [ app_begin ] --START--
INFO: Run Behavior\ReadHtmlCacheBehavior [ RunTime:0.001000s ]
INFO: [ app_begin ] --END-- [ RunTime:0.003001s ]
SQL: SHOW COLUMNS FROM `shop_goods_content` [ RunTime:0.0125s ]
SQL: SELECT * FROM `shop_goods_content` WHERE `goods_id` = 1 LIMIT 1   [ RunTime:0.0010s ]

[ 2016-09-02T14:41:30+08:00 ] 127.0.0.1 /Goods/getClicks/goods_id/1.html
INFO: [ app_begin ] --START--
INFO: Run Behavior\ReadHtmlCacheBehavior [ RunTime:0.001001s ]
INFO: [ app_begin ] --END-- [ RunTime:0.001501s ]

[ 2016-09-02T14:41:31+08:00 ] 127.0.0.1 /Goods/getContent/goods_id/1.html
INFO: [ app_begin ] --START--
INFO: Run Behavior\ReadHtmlCacheBehavior [ RunTime:0.001000s ]
INFO: [ app_begin ] --END-- [ RunTime:0.002500s ]
SQL: SHOW COLUMNS FROM `shop_goods_content` [ RunTime:0.0180s ]
SQL: SELECT * FROM `shop_goods_content` WHERE `goods_id` = 1 LIMIT 1   [ RunTime:0.0010s ]

[ 2016-09-02T14:58:43+08:00 ] 127.0.0.1 /Goods/getClicks/goods_id/1.html
INFO: [ app_begin ] --START--
INFO: Run Behavior\ReadHtmlCacheBehavior [ RunTime:0.001000s ]
INFO: [ app_begin ] --END-- [ RunTime:0.001500s ]

[ 2016-09-02T14:58:49+08:00 ] 127.0.0.1 /Goods/getContent/goods_id/1.html
INFO: [ app_begin ] --START--
INFO: Run Behavior\ReadHtmlCacheBehavior [ RunTime:0.000500s ]
INFO: [ app_begin ] --END-- [ RunTime:0.001000s ]
SQL: SHOW COLUMNS FROM `shop_goods_content` [ RunTime:0.0085s ]
SQL: SELECT * FROM `shop_goods_content` WHERE `goods_id` = 1 LIMIT 1   [ RunTime:0.0005s ]

[ 2016-09-02T15:29:28+08:00 ] 127.0.0.1 /Goods/getClicks/goods_id/1.html
INFO: [ app_begin ] --START--
INFO: Run Behavior\ReadHtmlCacheBehavior [ RunTime:0.001500s ]
INFO: [ app_begin ] --END-- [ RunTime:0.002500s ]

[ 2016-09-02T15:29:29+08:00 ] 127.0.0.1 /Goods/getContent/goods_id/1.html
INFO: [ app_begin ] --START--
INFO: Run Behavior\ReadHtmlCacheBehavior [ RunTime:0.001000s ]
INFO: [ app_begin ] --END-- [ RunTime:0.001000s ]
SQL: SHOW COLUMNS FROM `shop_goods_content` [ RunTime:0.0120s ]
SQL: SELECT * FROM `shop_goods_content` WHERE `goods_id` = 1 LIMIT 1   [ RunTime:0.0010s ]

[ 2016-09-02T15:40:48+08:00 ] 127.0.0.1 /Goods/getClicks/goods_id/1.html
INFO: [ app_begin ] --START--
INFO: Run Behavior\ReadHtmlCacheBehavior [ RunTime:0.001000s ]
INFO: [ app_begin ] --END-- [ RunTime:0.002500s ]

[ 2016-09-02T15:40:49+08:00 ] 127.0.0.1 /Goods/getContent/goods_id/1.html
INFO: [ app_begin ] --START--
INFO: Run Behavior\ReadHtmlCacheBehavior [ RunTime:0.001001s ]
INFO: [ app_begin ] --END-- [ RunTime:0.001501s ]
SQL: SHOW COLUMNS FROM `shop_goods_content` [ RunTime:0.0140s ]
SQL: SELECT * FROM `shop_goods_content` WHERE `goods_id` = 1 LIMIT 1   [ RunTime:0.0010s ]

[ 2016-09-02T15:41:08+08:00 ] 127.0.0.1 /Goods/getClicks/goods_id/1.html
INFO: [ app_begin ] --START--
INFO: Run Behavior\ReadHtmlCacheBehavior [ RunTime:0.001001s ]
INFO: [ app_begin ] --END-- [ RunTime:0.002501s ]

[ 2016-09-02T15:41:09+08:00 ] 127.0.0.1 /Goods/getContent/goods_id/1.html
INFO: [ app_begin ] --START--
INFO: Run Behavior\ReadHtmlCacheBehavior [ RunTime:0.001500s ]
INFO: [ app_begin ] --END-- [ RunTime:0.002500s ]
SQL: SHOW COLUMNS FROM `shop_goods_content` [ RunTime:0.0130s ]
SQL: SELECT * FROM `shop_goods_content` WHERE `goods_id` = 1 LIMIT 1   [ RunTime:0.0000s ]

[ 2016-09-02T15:42:05+08:00 ] 127.0.0.1 /Goods/getClicks/goods_id/1.html
INFO: [ app_begin ] --START--
INFO: Run Behavior\ReadHtmlCacheBehavior [ RunTime:0.001500s ]
INFO: [ app_begin ] --END-- [ RunTime:0.002000s ]

[ 2016-09-02T15:42:06+08:00 ] 127.0.0.1 /Goods/getContent/goods_id/1.html
INFO: [ app_begin ] --START--
INFO: Run Behavior\ReadHtmlCacheBehavior [ RunTime:0.001500s ]
INFO: [ app_begin ] --END-- [ RunTime:0.002500s ]
SQL: SHOW COLUMNS FROM `shop_goods_content` [ RunTime:0.0105s ]
SQL: SELECT * FROM `shop_goods_content` WHERE `goods_id` = 1 LIMIT 1   [ RunTime:0.0005s ]

[ 2016-09-02T15:56:07+08:00 ] 127.0.0.1 /Goods/getClicks/goods_id/1.html
INFO: [ app_begin ] --START--
INFO: Run Behavior\ReadHtmlCacheBehavior [ RunTime:0.001000s ]
INFO: [ app_begin ] --END-- [ RunTime:0.002500s ]
SQL: SHOW COLUMNS FROM `shop_user` [ RunTime:0.0140s ]
SQL: SELECT * FROM `shop_user` WHERE `session_token` = '086005795ce61454009ad168eca3cd52' LIMIT 1   [ RunTime:0.0010s ]

[ 2016-09-02T15:56:08+08:00 ] 127.0.0.1 /Goods/getContent/goods_id/1.html
INFO: [ app_begin ] --START--
INFO: Run Behavior\ReadHtmlCacheBehavior [ RunTime:0.001000s ]
INFO: [ app_begin ] --END-- [ RunTime:0.001500s ]
SQL: SHOW COLUMNS FROM `shop_user` [ RunTime:0.0095s ]
SQL: SELECT * FROM `shop_user` WHERE `session_token` = '086005795ce61454009ad168eca3cd52' LIMIT 1   [ RunTime:0.0000s ]
SQL: SHOW COLUMNS FROM `shop_goods_content` [ RunTime:0.0105s ]
SQL: SELECT * FROM `shop_goods_content` WHERE `goods_id` = 1 LIMIT 1   [ RunTime:0.0005s ]

[ 2016-09-02T16:05:05+08:00 ] 127.0.0.1 /Goods/getContent/goods_id/1.html
INFO: [ app_begin ] --START--
INFO: Run Behavior\ReadHtmlCacheBehavior [ RunTime:0.001500s ]
INFO: [ app_begin ] --END-- [ RunTime:0.002500s ]
SQL: SHOW COLUMNS FROM `shop_user` [ RunTime:0.0125s ]
SQL: SELECT * FROM `shop_user` WHERE `session_token` = '086005795ce61454009ad168eca3cd52' LIMIT 1   [ RunTime:0.0010s ]
SQL: SHOW COLUMNS FROM `shop_goods_content` [ RunTime:0.0095s ]
SQL: SELECT * FROM `shop_goods_content` WHERE `goods_id` = 1 LIMIT 1   [ RunTime:0.0010s ]

[ 2016-09-02T16:05:06+08:00 ] 127.0.0.1 /Goods/getClicks/goods_id/1.html
INFO: [ app_begin ] --START--
INFO: Run Behavior\ReadHtmlCacheBehavior [ RunTime:0.000500s ]
INFO: [ app_begin ] --END-- [ RunTime:0.001500s ]
SQL: SHOW COLUMNS FROM `shop_user` [ RunTime:0.0115s ]
SQL: SELECT * FROM `shop_user` WHERE `session_token` = '086005795ce61454009ad168eca3cd52' LIMIT 1   [ RunTime:0.0010s ]

[ 2016-09-02T16:05:08+08:00 ] 127.0.0.1 /Goods/getClicks/goods_id/1.html
INFO: [ app_begin ] --START--
INFO: Run Behavior\ReadHtmlCacheBehavior [ RunTime:0.001000s ]
INFO: [ app_begin ] --END-- [ RunTime:0.002000s ]
SQL: SHOW COLUMNS FROM `shop_user` [ RunTime:0.0190s ]
SQL: SELECT * FROM `shop_user` WHERE `session_token` = '086005795ce61454009ad168eca3cd52' LIMIT 1   [ RunTime:0.0005s ]

[ 2016-09-02T16:05:08+08:00 ] 127.0.0.1 /Goods/getContent/goods_id/1.html
INFO: [ app_begin ] --START--
INFO: Run Behavior\ReadHtmlCacheBehavior [ RunTime:0.002000s ]
INFO: [ app_begin ] --END-- [ RunTime:0.002500s ]
SQL: SHOW COLUMNS FROM `shop_user` [ RunTime:0.0215s ]
SQL: SELECT * FROM `shop_user` WHERE `session_token` = '086005795ce61454009ad168eca3cd52' LIMIT 1   [ RunTime:0.0025s ]
SQL: SHOW COLUMNS FROM `shop_goods_content` [ RunTime:0.0145s ]
SQL: SELECT * FROM `shop_goods_content` WHERE `goods_id` = 1 LIMIT 1   [ RunTime:0.0025s ]

[ 2016-09-02T16:05:22+08:00 ] 127.0.0.1 /Goods/getContent/goods_id/1.html
INFO: [ app_begin ] --START--
INFO: Run Behavior\ReadHtmlCacheBehavior [ RunTime:0.005001s ]
INFO: [ app_begin ] --END-- [ RunTime:0.011502s ]
SQL: SHOW COLUMNS FROM `shop_user` [ RunTime:0.0110s ]
SQL: SELECT * FROM `shop_user` WHERE `session_token` = '086005795ce61454009ad168eca3cd52' LIMIT 1   [ RunTime:0.0005s ]
SQL: SHOW COLUMNS FROM `shop_goods_content` [ RunTime:0.0125s ]
SQL: SELECT * FROM `shop_goods_content` WHERE `goods_id` = 1 LIMIT 1   [ RunTime:0.0010s ]

[ 2016-09-02T16:08:21+08:00 ] 127.0.0.1 /Goods/getClicks/goods_id/1.html
INFO: [ app_begin ] --START--
INFO: Run Behavior\ReadHtmlCacheBehavior [ RunTime:0.001500s ]
INFO: [ app_begin ] --END-- [ RunTime:0.002500s ]
SQL: SHOW COLUMNS FROM `shop_user` [ RunTime:0.0090s ]
SQL: SELECT * FROM `shop_user` WHERE `session_token` = '086005795ce61454009ad168eca3cd52' LIMIT 1   [ RunTime:0.0040s ]

[ 2016-09-02T16:08:21+08:00 ] 127.0.0.1 /Goods/getContent/goods_id/1.html
INFO: [ app_begin ] --START--
INFO: Run Behavior\ReadHtmlCacheBehavior [ RunTime:0.001501s ]
INFO: [ app_begin ] --END-- [ RunTime:0.004001s ]
SQL: SHOW COLUMNS FROM `shop_user` [ RunTime:0.0100s ]
SQL: SELECT * FROM `shop_user` WHERE `session_token` = '086005795ce61454009ad168eca3cd52' LIMIT 1   [ RunTime:0.0010s ]
SQL: SHOW COLUMNS FROM `shop_goods_content` [ RunTime:0.0125s ]
SQL: SELECT * FROM `shop_goods_content` WHERE `goods_id` = 1 LIMIT 1   [ RunTime:0.0015s ]

[ 2016-09-02T16:08:32+08:00 ] 127.0.0.1 /Goods/getContent/goods_id/1.html
INFO: [ app_begin ] --START--
INFO: Run Behavior\ReadHtmlCacheBehavior [ RunTime:0.001500s ]
INFO: [ app_begin ] --END-- [ RunTime:0.002500s ]
SQL: SHOW COLUMNS FROM `shop_user` [ RunTime:0.0100s ]
SQL: SELECT * FROM `shop_user` WHERE `session_token` = '086005795ce61454009ad168eca3cd52' LIMIT 1   [ RunTime:0.0005s ]
SQL: SHOW COLUMNS FROM `shop_goods_content` [ RunTime:0.0100s ]
SQL: SELECT * FROM `shop_goods_content` WHERE `goods_id` = 1 LIMIT 1   [ RunTime:0.0005s ]

[ 2016-09-02T16:08:32+08:00 ] 127.0.0.1 /Goods/getClicks/goods_id/1.html
INFO: [ app_begin ] --START--
INFO: Run Behavior\ReadHtmlCacheBehavior [ RunTime:0.001500s ]
INFO: [ app_begin ] --END-- [ RunTime:0.003500s ]
SQL: SHOW COLUMNS FROM `shop_user` [ RunTime:0.0200s ]
SQL: SELECT * FROM `shop_user` WHERE `session_token` = '086005795ce61454009ad168eca3cd52' LIMIT 1   [ RunTime:0.0015s ]

[ 2016-09-02T16:09:53+08:00 ] 127.0.0.1 /Goods/getClicks/goods_id/1.html
INFO: [ app_begin ] --START--
INFO: Run Behavior\ReadHtmlCacheBehavior [ RunTime:0.001000s ]
INFO: [ app_begin ] --END-- [ RunTime:0.002001s ]
SQL: SHOW COLUMNS FROM `shop_user` [ RunTime:0.0180s ]
SQL: SELECT * FROM `shop_user` WHERE `session_token` = '086005795ce61454009ad168eca3cd52' LIMIT 1   [ RunTime:0.0010s ]

[ 2016-09-02T16:09:53+08:00 ] 127.0.0.1 /Goods/getContent/goods_id/1.html
INFO: [ app_begin ] --START--
INFO: Run Behavior\ReadHtmlCacheBehavior [ RunTime:0.002000s ]
INFO: [ app_begin ] --END-- [ RunTime:0.003000s ]
SQL: SHOW COLUMNS FROM `shop_user` [ RunTime:0.0200s ]
SQL: SELECT * FROM `shop_user` WHERE `session_token` = '086005795ce61454009ad168eca3cd52' LIMIT 1   [ RunTime:0.0030s ]
SQL: SHOW COLUMNS FROM `shop_goods_content` [ RunTime:0.0080s ]
SQL: SELECT * FROM `shop_goods_content` WHERE `goods_id` = 1 LIMIT 1   [ RunTime:0.0005s ]

[ 2016-09-02T16:10:29+08:00 ] 127.0.0.1 /Goods/getClicks/goods_id/1.html
INFO: [ app_begin ] --START--
INFO: Run Behavior\ReadHtmlCacheBehavior [ RunTime:0.001000s ]
INFO: [ app_begin ] --END-- [ RunTime:0.001501s ]
SQL: SHOW COLUMNS FROM `shop_user` [ RunTime:0.0105s ]
SQL: SELECT * FROM `shop_user` WHERE `session_token` = '086005795ce61454009ad168eca3cd52' LIMIT 1   [ RunTime:0.0015s ]

[ 2016-09-02T16:10:29+08:00 ] 127.0.0.1 /Goods/getContent/goods_id/1.html
INFO: [ app_begin ] --START--
INFO: Run Behavior\ReadHtmlCacheBehavior [ RunTime:0.001500s ]
INFO: [ app_begin ] --END-- [ RunTime:0.002500s ]
SQL: SHOW COLUMNS FROM `shop_user` [ RunTime:0.0205s ]
SQL: SELECT * FROM `shop_user` WHERE `session_token` = '086005795ce61454009ad168eca3cd52' LIMIT 1   [ RunTime:0.0005s ]
SQL: SHOW COLUMNS FROM `shop_goods_content` [ RunTime:0.0135s ]
SQL: SELECT * FROM `shop_goods_content` WHERE `goods_id` = 1 LIMIT 1   [ RunTime:0.0010s ]

[ 2016-09-02T16:10:40+08:00 ] 127.0.0.1 /Goods/getClicks/goods_id/1.html
INFO: [ app_begin ] --START--
INFO: Run Behavior\ReadHtmlCacheBehavior [ RunTime:0.001500s ]
INFO: [ app_begin ] --END-- [ RunTime:0.002500s ]
SQL: SHOW COLUMNS FROM `shop_user` [ RunTime:0.0110s ]
SQL: SELECT * FROM `shop_user` WHERE `session_token` = '086005795ce61454009ad168eca3cd52' LIMIT 1   [ RunTime:0.0010s ]

[ 2016-09-02T16:10:40+08:00 ] 127.0.0.1 /Goods/getContent/goods_id/1.html
INFO: [ app_begin ] --START--
INFO: Run Behavior\ReadHtmlCacheBehavior [ RunTime:0.001000s ]
INFO: [ app_begin ] --END-- [ RunTime:0.002500s ]
SQL: SHOW COLUMNS FROM `shop_user` [ RunTime:0.0080s ]
SQL: SELECT * FROM `shop_user` WHERE `session_token` = '086005795ce61454009ad168eca3cd52' LIMIT 1   [ RunTime:0.0015s ]
SQL: SHOW COLUMNS FROM `shop_goods_content` [ RunTime:0.0105s ]
SQL: SELECT * FROM `shop_goods_content` WHERE `goods_id` = 1 LIMIT 1   [ RunTime:0.0015s ]

[ 2016-09-02T16:10:46+08:00 ] 127.0.0.1 /Goods/getContent/goods_id/1.html
INFO: [ app_begin ] --START--
INFO: Run Behavior\ReadHtmlCacheBehavior [ RunTime:0.001000s ]
INFO: [ app_begin ] --END-- [ RunTime:0.002500s ]
SQL: SHOW COLUMNS FROM `shop_user` [ RunTime:0.0115s ]
SQL: SELECT * FROM `shop_user` WHERE `session_token` = '086005795ce61454009ad168eca3cd52' LIMIT 1   [ RunTime:0.0010s ]
SQL: SHOW COLUMNS FROM `shop_goods_content` [ RunTime:0.0065s ]
SQL: SELECT * FROM `shop_goods_content` WHERE `goods_id` = 1 LIMIT 1   [ RunTime:0.0010s ]

[ 2016-09-02T16:10:46+08:00 ] 127.0.0.1 /Goods/getClicks/goods_id/1.html
INFO: [ app_begin ] --START--
INFO: Run Behavior\ReadHtmlCacheBehavior [ RunTime:0.002000s ]
INFO: [ app_begin ] --END-- [ RunTime:0.003500s ]
SQL: SHOW COLUMNS FROM `shop_user` [ RunTime:0.0090s ]
SQL: SELECT * FROM `shop_user` WHERE `session_token` = '086005795ce61454009ad168eca3cd52' LIMIT 1   [ RunTime:0.0010s ]

[ 2016-09-02T16:10:53+08:00 ] 127.0.0.1 /Goods/getContent/goods_id/1.html
INFO: [ app_begin ] --START--
INFO: Run Behavior\ReadHtmlCacheBehavior [ RunTime:0.001500s ]
INFO: [ app_begin ] --END-- [ RunTime:0.003501s ]
SQL: SHOW COLUMNS FROM `shop_user` [ RunTime:0.0100s ]
SQL: SELECT * FROM `shop_user` WHERE `session_token` = '086005795ce61454009ad168eca3cd52' LIMIT 1   [ RunTime:0.0005s ]
SQL: SHOW COLUMNS FROM `shop_goods_content` [ RunTime:0.0125s ]
SQL: SELECT * FROM `shop_goods_content` WHERE `goods_id` = 1 LIMIT 1   [ RunTime:0.0010s ]

[ 2016-09-02T16:10:53+08:00 ] 127.0.0.1 /Goods/getClicks/goods_id/1.html
INFO: [ app_begin ] --START--
INFO: Run Behavior\ReadHtmlCacheBehavior [ RunTime:0.001500s ]
INFO: [ app_begin ] --END-- [ RunTime:0.002000s ]
SQL: SHOW COLUMNS FROM `shop_user` [ RunTime:0.0150s ]
SQL: SELECT * FROM `shop_user` WHERE `session_token` = '086005795ce61454009ad168eca3cd52' LIMIT 1   [ RunTime:0.0015s ]

[ 2016-09-02T16:11:15+08:00 ] 127.0.0.1 /Goods/getContent/goods_id/1.html
INFO: [ app_begin ] --START--
INFO: Run Behavior\ReadHtmlCacheBehavior [ RunTime:0.001000s ]
INFO: [ app_begin ] --END-- [ RunTime:0.003001s ]
SQL: SHOW COLUMNS FROM `shop_user` [ RunTime:0.0090s ]
SQL: SELECT * FROM `shop_user` WHERE `session_token` = '086005795ce61454009ad168eca3cd52' LIMIT 1   [ RunTime:0.0005s ]
SQL: SHOW COLUMNS FROM `shop_goods_content` [ RunTime:0.0085s ]
SQL: SELECT * FROM `shop_goods_content` WHERE `goods_id` = 1 LIMIT 1   [ RunTime:0.0005s ]

[ 2016-09-02T16:11:15+08:00 ] 127.0.0.1 /Goods/getClicks/goods_id/1.html
INFO: [ app_begin ] --START--
INFO: Run Behavior\ReadHtmlCacheBehavior [ RunTime:0.001000s ]
INFO: [ app_begin ] --END-- [ RunTime:0.003001s ]
SQL: SHOW COLUMNS FROM `shop_user` [ RunTime:0.0095s ]
SQL: SELECT * FROM `shop_user` WHERE `session_token` = '086005795ce61454009ad168eca3cd52' LIMIT 1   [ RunTime:0.0010s ]

[ 2016-09-02T16:11:25+08:00 ] 127.0.0.1 /Goods/getClicks/goods_id/1.html
INFO: [ app_begin ] --START--
INFO: Run Behavior\ReadHtmlCacheBehavior [ RunTime:0.001000s ]
INFO: [ app_begin ] --END-- [ RunTime:0.002500s ]
SQL: SHOW COLUMNS FROM `shop_user` [ RunTime:0.0075s ]
SQL: SELECT * FROM `shop_user` WHERE `session_token` = '086005795ce61454009ad168eca3cd52' LIMIT 1   [ RunTime:0.0005s ]

[ 2016-09-02T16:11:25+08:00 ] 127.0.0.1 /Goods/getContent/goods_id/1.html
INFO: [ app_begin ] --START--
INFO: Run Behavior\ReadHtmlCacheBehavior [ RunTime:0.001000s ]
INFO: [ app_begin ] --END-- [ RunTime:0.002000s ]
SQL: SHOW COLUMNS FROM `shop_user` [ RunTime:0.0120s ]
SQL: SELECT * FROM `shop_user` WHERE `session_token` = '086005795ce61454009ad168eca3cd52' LIMIT 1   [ RunTime:0.0015s ]
SQL: SHOW COLUMNS FROM `shop_goods_content` [ RunTime:0.0100s ]
SQL: SELECT * FROM `shop_goods_content` WHERE `goods_id` = 1 LIMIT 1   [ RunTime:0.0005s ]

