[ 2016-08-19T11:20:41+08:00 ] 127.0.0.1 /
INFO: [ app_init ] --START--
INFO: Run Behavior\BuildLiteBehavior [ RunTime:0.001000s ]
INFO: [ app_init ] --END-- [ RunTime:0.001000s ]
INFO: [ app_begin ] --START--
INFO: Run Behavior\ReadHtmlCacheBehavior [ RunTime:0.001000s ]
INFO: [ app_begin ] --END-- [ RunTime:0.001000s ]
INFO: [ view_parse ] --START--
INFO: [ template_filter ] --START--
INFO: Run Behavior\ContentReplaceBehavior [ RunTime:0.001000s ]
INFO: [ template_filter ] --END-- [ RunTime:0.001000s ]
INFO: Run Behavior\ParseTemplateBehavior [ RunTime:0.006000s ]
INFO: [ view_parse ] --END-- [ RunTime:0.006000s ]
INFO: [ view_filter ] --START--
INFO: Run Behavior\WriteHtmlCacheBehavior [ RunTime:0.000000s ]
INFO: [ view_filter ] --END-- [ RunTime:0.000000s ]
INFO: [ app_end ] --START--
INFO: Run Behavior\ShowPageTraceBehavior [ RunTime:0.000000s ]
INFO: [ app_end ] --END-- [ RunTime:0.000000s ]

[ 2016-08-19T11:20:41+08:00 ] 127.0.0.1 /favicon.ico
INFO: [ app_init ] --START--
INFO: Run Behavior\BuildLiteBehavior [ RunTime:0.000000s ]
INFO: [ app_init ] --END-- [ RunTime:0.001001s ]

[ 2016-08-19T11:24:29+08:00 ] 127.0.0.1 /
INFO: [ app_init ] --START--
INFO: Run Behavior\BuildLiteBehavior [ RunTime:0.000000s ]
INFO: [ app_init ] --END-- [ RunTime:0.000000s ]
INFO: [ app_begin ] --START--
INFO: Run Behavior\ReadHtmlCacheBehavior [ RunTime:0.001000s ]
INFO: [ app_begin ] --END-- [ RunTime:0.001000s ]
INFO: [ view_parse ] --START--
INFO: Run Behavior\ParseTemplateBehavior [ RunTime:0.000000s ]
INFO: [ view_parse ] --END-- [ RunTime:0.000000s ]
INFO: [ view_filter ] --START--
INFO: Run Behavior\WriteHtmlCacheBehavior [ RunTime:0.001000s ]
INFO: [ view_filter ] --END-- [ RunTime:0.001000s ]
INFO: [ app_end ] --START--
INFO: Run Behavior\ShowPageTraceBehavior [ RunTime:0.000000s ]
INFO: [ app_end ] --END-- [ RunTime:0.000000s ]

[ 2016-08-19T11:24:34+08:00 ] 127.0.0.1 /Index/index
INFO: [ app_init ] --START--
INFO: Run Behavior\BuildLiteBehavior [ RunTime:0.000000s ]
INFO: [ app_init ] --END-- [ RunTime:0.000000s ]
INFO: [ app_begin ] --START--
INFO: Run Behavior\ReadHtmlCacheBehavior [ RunTime:0.000000s ]
INFO: [ app_begin ] --END-- [ RunTime:0.000000s ]
INFO: [ view_parse ] --START--
INFO: Run Behavior\ParseTemplateBehavior [ RunTime:0.000000s ]
INFO: [ view_parse ] --END-- [ RunTime:0.000000s ]
INFO: [ view_filter ] --START--
INFO: Run Behavior\WriteHtmlCacheBehavior [ RunTime:0.001001s ]
INFO: [ view_filter ] --END-- [ RunTime:0.001001s ]
INFO: [ app_end ] --START--
INFO: Run Behavior\ShowPageTraceBehavior [ RunTime:0.000000s ]
INFO: [ app_end ] --END-- [ RunTime:0.000000s ]

[ 2016-08-19T11:24:39+08:00 ] 127.0.0.1 /Index/index.html
INFO: [ app_init ] --START--
INFO: Run Behavior\BuildLiteBehavior [ RunTime:0.000000s ]
INFO: [ app_init ] --END-- [ RunTime:0.001000s ]
INFO: [ app_begin ] --START--
INFO: Run Behavior\ReadHtmlCacheBehavior [ RunTime:0.000000s ]
INFO: [ app_begin ] --END-- [ RunTime:0.000000s ]
INFO: [ view_parse ] --START--
INFO: Run Behavior\ParseTemplateBehavior [ RunTime:0.000000s ]
INFO: [ view_parse ] --END-- [ RunTime:0.000000s ]
INFO: [ view_filter ] --START--
INFO: Run Behavior\WriteHtmlCacheBehavior [ RunTime:0.000000s ]
INFO: [ view_filter ] --END-- [ RunTime:0.000000s ]
INFO: [ app_end ] --START--
INFO: Run Behavior\ShowPageTraceBehavior [ RunTime:0.001000s ]
INFO: [ app_end ] --END-- [ RunTime:0.001000s ]

[ 2016-08-19T11:27:32+08:00 ] 127.0.0.1 /Index/js/jquery.nicescroll.js
ERR: 非法操作:js

[ 2016-08-19T11:27:33+08:00 ] 127.0.0.1 /Index/js/scripts.js
ERR: 非法操作:js

[ 2016-08-19T11:27:34+08:00 ] 127.0.0.1 /Index/css/style-responsive.css
ERR: 非法操作:css

[ 2016-08-19T11:27:34+08:00 ] 127.0.0.1 /Index/js/bootstrap.min.js
ERR: 非法操作:js

[ 2016-08-19T11:27:34+08:00 ] 127.0.0.1 /Index/js/jquery-ui-1.9.2.custom.min.js
ERR: 非法操作:js

[ 2016-08-19T11:27:34+08:00 ] 127.0.0.1 /Index/js/jquery-1.10.2.min.js
ERR: 非法操作:js

[ 2016-08-19T11:27:34+08:00 ] 127.0.0.1 /Index/css/style.css
ERR: 非法操作:css

[ 2016-08-19T11:32:35+08:00 ] 127.0.0.1 /Index/js/jquery-ui-1.9.2.custom.min.js
ERR: 非法操作:js

[ 2016-08-19T11:32:35+08:00 ] 127.0.0.1 /Index/js/bootstrap.min.js
ERR: 非法操作:js

[ 2016-08-19T11:32:35+08:00 ] 127.0.0.1 /Index/js/jquery.nicescroll.js
ERR: 非法操作:js

[ 2016-08-19T11:32:35+08:00 ] 127.0.0.1 /Index/js/jquery-1.10.2.min.js
ERR: 非法操作:js

[ 2016-08-19T11:32:35+08:00 ] 127.0.0.1 /Index/js/scripts.js
ERR: 非法操作:js

[ 2016-08-19T11:45:41+08:00 ] 127.0.0.1 /Index/lists.html
ERR: 非法操作:lists

[ 2016-08-19T11:57:42+08:00 ] 127.0.0.1 /Supplier/mail_compose.html
ERR: 非法操作:mail_compose

[ 2016-08-19T14:13:41+08:00 ] 127.0.0.1 /Supplier/add.html
ERR: 非法操作:add

[ 2016-08-19T15:44:42+08:00 ] 127.0.0.1 /Public/fonts/glyphicons-halflings-regular.woff
ERR: 无法加载控制器:Public

[ 2016-08-19T15:44:42+08:00 ] 127.0.0.1 /Public/fonts/glyphicons-halflings-regular.ttf
ERR: 无法加载控制器:Public

[ 2016-08-19T16:14:50+08:00 ] 127.0.0.1 /Supplier/edit/id/2.html
ERR: 非法操作:edit

[ 2016-08-19T16:45:56+08:00 ] 127.0.0.1 /Supplier/delete/id/20.html
ERR: 非法操作:delete

